2025-07-31-13:21:45 INFO  BaseTest: getBrowserType: chrome configured
2025-07-31-13:21:45 INFO  BaseTest: getBrowserType: chrome configured
2025-07-31-13:21:45 INFO  Driver set for test: testInvalidEmailValidation
2025-07-31-13:21:45 INFO  Driver set for test: products
2025-07-31-13:21:45 INFO  ExtentTest created for: testInvalidEmailValidation
2025-07-31-13:21:45 INFO  ExtentTest created for: products
2025-07-31-13:21:53 INFO  LoginPage: loginToApp: application launched
2025-07-31-13:21:53 INFO  LoginPage: loginToApp: application launched
2025-07-31-13:22:12 INFO  Driver quit
2025-07-31-13:22:12 INFO  Driver quit
2025-07-31-13:22:15 INFO  BaseTest: getBrowserType: chrome configured
2025-07-31-13:22:15 INFO  Driver set for test: testInvalidEmailValidation
2025-07-31-13:22:15 INFO  ExtentTest created for: testInvalidEmailValidation
2025-07-31-13:22:25 INFO  LoginPage: loginToApp: application launched
2025-07-31-13:22:35 INFO  Driver quit
2025-07-31-13:22:39 INFO  BaseTest: getBrowserType: chrome configured
2025-07-31-13:22:39 INFO  Driver set for test: testInvalidEmailValidation
2025-07-31-13:22:39 INFO  ExtentTest created for: testInvalidEmailValidation
2025-07-31-13:22:46 INFO  LoginPage: loginToApp: application launched
2025-07-31-13:22:56 INFO  Driver quit
2025-07-31-13:22:59 INFO  BaseTest: getBrowserType: chrome configured
2025-07-31-13:22:59 INFO  Driver set for test: testInvalidEmailValidation
2025-07-31-13:22:59 INFO  ExtentTest created for: testInvalidEmailValidation
2025-07-31-13:23:08 INFO  LoginPage: loginToApp: application launched
2025-07-31-13:23:17 INFO  Driver quit
2025-07-31-13:23:20 INFO  BaseTest: getBrowserType: chrome configured
2025-07-31-13:23:20 INFO  Driver set for test: testInvalidEmailValidation
2025-07-31-13:23:20 INFO  ExtentTest created for: testInvalidEmailValidation
2025-07-31-13:23:28 INFO  LoginPage: loginToApp: application launched
2025-07-31-13:23:40 INFO  Driver quit
2025-07-31-13:23:44 INFO  BaseTest: getBrowserType: chrome configured
2025-07-31-13:23:44 INFO  Driver set for test: testInvalidEmailValidation
2025-07-31-13:23:44 INFO  ExtentTest created for: testInvalidEmailValidation
2025-07-31-13:23:51 INFO  LoginPage: loginToApp: application launched
2025-07-31-13:24:24 INFO  Driver quit
2025-07-31-13:24:27 INFO  BaseTest: getBrowserType: chrome configured
2025-07-31-13:24:27 INFO  Driver set for test: testInvalidEmailValidation
2025-07-31-13:24:27 INFO  ExtentTest created for: testInvalidEmailValidation
2025-07-31-13:24:35 INFO  LoginPage: loginToApp: application launched
2025-07-31-13:24:45 INFO  Driver quit
2025-07-31-13:24:48 INFO  BaseTest: getBrowserType: chrome configured
2025-07-31-13:24:48 INFO  Driver set for test: testInvalidEmailValidation
2025-07-31-13:24:48 INFO  ExtentTest created for: testInvalidEmailValidation
2025-07-31-13:24:56 INFO  LoginPage: loginToApp: application launched
2025-07-31-13:25:05 INFO  Driver quit
2025-07-31-13:25:08 INFO  BaseTest: getBrowserType: chrome configured
2025-07-31-13:25:08 INFO  Driver set for test: testInvalidEmailValidation
2025-07-31-13:25:08 INFO  ExtentTest created for: testInvalidEmailValidation
2025-07-31-13:25:14 INFO  LoginPage: loginToApp: application launched
2025-07-31-13:25:25 INFO  Driver quit
2025-07-31-13:25:28 INFO  BaseTest: getBrowserType: chrome configured
2025-07-31-13:25:28 INFO  Driver set for test: testInvalidEmailValidation
2025-07-31-13:25:28 INFO  ExtentTest created for: testInvalidEmailValidation
2025-07-31-13:25:35 INFO  LoginPage: loginToApp: application launched
2025-07-31-13:25:45 INFO  Driver quit
2025-07-31-13:25:48 INFO  BaseTest: getBrowserType: chrome configured
2025-07-31-13:25:48 INFO  Driver set for test: testInvalidEmailValidation
2025-07-31-13:25:48 INFO  ExtentTest created for: testInvalidEmailValidation
2025-07-31-13:25:57 INFO  LoginPage: loginToApp: application launched
2025-07-31-13:26:07 INFO  Driver quit
2025-07-31-13:26:10 INFO  BaseTest: getBrowserType: chrome configured
2025-07-31-13:26:10 INFO  Driver set for test: testInvalidEmailValidation
2025-07-31-13:26:10 INFO  ExtentTest created for: testInvalidEmailValidation
2025-07-31-13:26:18 INFO  LoginPage: loginToApp: application launched
2025-07-31-13:26:27 INFO  Driver quit
2025-07-31-13:26:28 INFO  Extent Report flushed.
