2025-07-28-16:16:21 INFO  BaseTest: getBrowserType: chrome configured
2025-07-28-16:16:21 INFO  Driver set for test: testInvalidEmailValidation
2025-07-28-16:16:21 INFO  ExtentTest created for: testInvalidEmailValidation
2025-07-28-16:16:26 INFO  LoginPage: loginToApp: application launched
2025-07-28-16:16:30 INFO  Driver quit
2025-07-28-16:16:31 INFO  BaseTest: getBrowserType: chrome configured
2025-07-28-16:16:31 INFO  Driver set for test: testInvalidEmailValidation
2025-07-28-16:16:31 INFO  ExtentTest created for: testInvalidEmailValidation
2025-07-28-16:16:35 INFO  LoginPage: loginToApp: application launched
2025-07-28-16:16:38 INFO  Driver quit
2025-07-28-16:16:39 INFO  BaseTest: getBrowserType: chrome configured
2025-07-28-16:16:39 INFO  Driver set for test: testInvalidEmailValidation
2025-07-28-16:16:39 INFO  ExtentTest created for: testInvalidEmailValidation
2025-07-28-16:16:44 INFO  LoginPage: loginToApp: application launched
2025-07-28-16:16:46 INFO  Driver quit
2025-07-28-16:16:47 INFO  BaseTest: getBrowserType: chrome configured
2025-07-28-16:16:47 INFO  Driver set for test: testInvalidEmailValidation
2025-07-28-16:16:47 INFO  ExtentTest created for: testInvalidEmailValidation
2025-07-28-16:16:52 INFO  LoginPage: loginToApp: application launched
2025-07-28-16:16:56 INFO  Driver quit
2025-07-28-16:16:57 INFO  BaseTest: getBrowserType: chrome configured
2025-07-28-16:16:57 INFO  Driver set for test: testInvalidEmailValidation
2025-07-28-16:16:57 INFO  ExtentTest created for: testInvalidEmailValidation
2025-07-28-16:17:02 INFO  LoginPage: loginToApp: application launched
2025-07-28-16:17:04 INFO  Driver quit
2025-07-28-16:17:05 INFO  BaseTest: getBrowserType: chrome configured
2025-07-28-16:17:05 INFO  Driver set for test: testInvalidEmailValidation
2025-07-28-16:17:05 INFO  ExtentTest created for: testInvalidEmailValidation
2025-07-28-16:17:09 INFO  LoginPage: loginToApp: application launched
2025-07-28-16:17:33 INFO  Driver quit
2025-07-28-16:17:34 INFO  Extent Report flushed.
